This is pdfTeX, Version 3.14159265-2.6-1.40.21 (MiKTeX 2.9.7380 64-bit) (preloaded format=pdflatex 2020.4.18)  31 OCT 2020 16:00
entering extended mode
**"./19476700 Tawana Kwaraamba.tex"
("19476700 Tawana Kwaraamba.tex"
LaTeX2e <2020-02-02> patch level 5
L3 programming layer <2020-04-06> (fphw.cls
Document Class: fphw 2019/03/19

("C:\Users\tawan\AppData\Local\Programs\MiKTeX 2.9\tex/latex/fancyhdr\fancyhdr.
sty"
Package: fancyhdr 2019/01/31 v3.10 Extensive control of page headers and footer
s
\f@nch@headwidth=\skip47
\f@nch@O@elh=\skip48
\f@nch@O@erh=\skip49
\f@nch@O@olh=\skip50
\f@nch@O@orh=\skip51
\f@nch@O@elf=\skip52
\f@nch@O@erf=\skip53
\f@nch@O@olf=\skip54
\f@nch@O@orf=\skip55
)
("C:\Users\tawan\AppData\Local\Programs\MiKTeX 2.9\tex/latex/base\article.cls"
Document Class: article 2019/12/20 v1.4l Standard LaTeX document class
("C:\Users\tawan\AppData\Local\Programs\MiKTeX 2.9\tex/latex/base\size12.clo"
File: size12.clo 2019/12/20 v1.4l Standard LaTeX file (size option)
)
\c@part=\count167
\c@section=\count168
\c@subsection=\count169
\c@subsubsection=\count170
\c@paragraph=\count171
\c@subparagraph=\count172
\c@figure=\count173
\c@table=\count174
\abovecaptionskip=\skip56
\belowcaptionskip=\skip57
\bibindent=\dimen134
)
("C:\Users\tawan\AppData\Local\Programs\MiKTeX 2.9\tex/latex/titlesec\titlesec.
sty"
Package: titlesec 2019/10/16 v2.13 Sectioning titles
\ttl@box=\box45
\beforetitleunit=\skip58
\aftertitleunit=\skip59
\ttl@plus=\dimen135
\ttl@minus=\dimen136
\ttl@toksa=\toks15
\titlewidth=\dimen137
\titlewidthlast=\dimen138
\titlewidthfirst=\dimen139
)
("C:\Users\tawan\AppData\Local\Programs\MiKTeX 2.9\tex/latex/xcolor\xcolor.sty"
Package: xcolor 2016/05/11 v2.12 LaTeX color extensions (UK)

("C:\Users\tawan\AppData\Local\Programs\MiKTeX 2.9\tex/latex/graphics-cfg\color
.cfg"
File: color.cfg 2016/01/02 v1.6 sample color configuration
)
Package xcolor Info: Driver file: pdftex.def on input line 225.

("C:\Users\tawan\AppData\Local\Programs\MiKTeX 2.9\tex/latex/graphics-def\pdfte
x.def"
File: pdftex.def 2018/01/08 v1.0l Graphics/color driver for pdftex
)
Package xcolor Info: Model `cmy' substituted by `cmy0' on input line 1348.
Package xcolor Info: Model `hsb' substituted by `rgb' on input line 1352.
Package xcolor Info: Model `RGB' extended on input line 1364.
Package xcolor Info: Model `HTML' substituted by `rgb' on input line 1366.
Package xcolor Info: Model `Hsb' substituted by `hsb' on input line 1367.
Package xcolor Info: Model `tHsb' substituted by `hsb' on input line 1368.
Package xcolor Info: Model `HSB' substituted by `hsb' on input line 1369.
Package xcolor Info: Model `Gray' substituted by `gray' on input line 1370.
Package xcolor Info: Model `wave' substituted by `hsb' on input line 1371.
)
("C:\Users\tawan\AppData\Local\Programs\MiKTeX 2.9\tex/latex/geometry\geometry.
sty"
Package: geometry 2020/01/02 v5.9 Page Geometry

("C:\Users\tawan\AppData\Local\Programs\MiKTeX 2.9\tex/latex/graphics\keyval.st
y"
Package: keyval 2014/10/28 v1.15 key=value parser (DPC)
\KV@toks@=\toks16
)
("C:\Users\tawan\AppData\Local\Programs\MiKTeX 2.9\tex/generic/iftex\ifvtex.sty
"
Package: ifvtex 2019/10/25 v1.7 ifvtex legacy package. Use iftex instead.
 ("C:\Users\tawan\AppData\Local\Programs\MiKTeX 2.9\tex/generic/iftex\iftex.sty
"
Package: iftex 2020/03/06 v1.0d TeX engine tests
))
\Gm@cnth=\count175
\Gm@cntv=\count176
\c@Gm@tempcnt=\count177
\Gm@bindingoffset=\dimen140
\Gm@wd@mp=\dimen141
\Gm@odd@mp=\dimen142
\Gm@even@mp=\dimen143
\Gm@layoutwidth=\dimen144
\Gm@layoutheight=\dimen145
\Gm@layouthoffset=\dimen146
\Gm@layoutvoffset=\dimen147
\Gm@dimlist=\toks17

("C:\Users\tawan\AppData\Local\Programs\MiKTeX 2.9\tex/latex/geometry\geometry.
cfg"))
\problembox=\box46
)
("C:\Users\tawan\AppData\Local\Programs\MiKTeX 2.9\tex/latex/base\inputenc.sty"
Package: inputenc 2018/08/11 v1.3c Input encoding file
\inpenc@prehook=\toks18
\inpenc@posthook=\toks19
) ("C:\Users\tawan\AppData\Local\Programs\MiKTeX 2.9\tex/latex/base\fontenc.sty
"
Package: fontenc 2020/02/11 v2.0o Standard LaTeX package
)
("C:\Users\tawan\AppData\Local\Programs\MiKTeX 2.9\tex/latex/psnfss\mathpazo.st
y"
Package: mathpazo 2020/03/25 PSNFSS-v9.3 Palatino w/ Pazo Math (D.Puga, WaS) 
\symupright=\mathgroup4
)
("C:\Users\tawan\AppData\Local\Programs\MiKTeX 2.9\tex/latex/graphics\graphicx.
sty"
Package: graphicx 2019/11/30 v1.2a Enhanced LaTeX Graphics (DPC,SPQR)

("C:\Users\tawan\AppData\Local\Programs\MiKTeX 2.9\tex/latex/graphics\graphics.
sty"
Package: graphics 2019/11/30 v1.4a Standard LaTeX Graphics (DPC,SPQR)

("C:\Users\tawan\AppData\Local\Programs\MiKTeX 2.9\tex/latex/graphics\trig.sty"
Package: trig 2016/01/03 v1.10 sin cos tan (DPC)
)
("C:\Users\tawan\AppData\Local\Programs\MiKTeX 2.9\tex/latex/graphics-cfg\graph
ics.cfg"
File: graphics.cfg 2016/06/04 v1.11 sample graphics configuration
)
Package graphics Info: Driver file: pdftex.def on input line 105.
)
\Gin@req@height=\dimen148
\Gin@req@width=\dimen149
)
("C:\Users\tawan\AppData\Local\Programs\MiKTeX 2.9\tex/latex/subfig\subfig.sty"
Package: subfig 2005/06/28 ver: 1.3 subfig package

("C:\Users\tawan\AppData\Local\Programs\MiKTeX 2.9\tex/latex/caption\caption.st
y"
Package: caption 2020/01/03 v3.4h Customizing captions (AR)

("C:\Users\tawan\AppData\Local\Programs\MiKTeX 2.9\tex/latex/caption\caption3.s
ty"
Package: caption3 2020/01/03 v1.8h caption3 kernel (AR)
Package caption3 Info: TeX engine: e-TeX on input line 61.
\captionmargin=\dimen150
\captionmargin@=\dimen151
\captionwidth=\dimen152
\caption@tempdima=\dimen153
\caption@indent=\dimen154
\caption@parindent=\dimen155
\caption@hangindent=\dimen156
Package caption Info: Standard document class detected.
)
\c@caption@flags=\count178
\c@continuedfloat=\count179
)
\c@KVtest=\count180
\sf@farskip=\skip60
\sf@captopadj=\dimen157
\sf@capskip=\skip61
\sf@nearskip=\skip62
\c@subfigure=\count181
\c@subfigure@save=\count182
\c@lofdepth=\count183
\c@subtable=\count184
\c@subtable@save=\count185
\c@lotdepth=\count186
\sf@top=\skip63
\sf@bottom=\skip64
)
("C:\Users\tawan\AppData\Local\Programs\MiKTeX 2.9\tex/latex/tools\array.sty"
Package: array 2019/08/31 v2.4l Tabular extension package (FMi)
\col@sep=\dimen158
\ar@mcellbox=\box47
\extrarowheight=\dimen159
\NC@list=\toks20
\extratabsurround=\skip65
\backup@length=\skip66
\ar@cellbox=\box48
)
("C:\Users\tawan\AppData\Local\Programs\MiKTeX 2.9\tex/latex/amsmath\amsmath.st
y"
Package: amsmath 2020/01/20 v2.17e AMS math features
\@mathmargin=\skip67

For additional information on amsmath, use the `?' option.

("C:\Users\tawan\AppData\Local\Programs\MiKTeX 2.9\tex/latex/amsmath\amstext.st
y"
Package: amstext 2000/06/29 v2.01 AMS text

("C:\Users\tawan\AppData\Local\Programs\MiKTeX 2.9\tex/latex/amsmath\amsgen.sty
"
File: amsgen.sty 1999/11/30 v2.0 generic functions
\@emptytoks=\toks21
\ex@=\dimen160
))
("C:\Users\tawan\AppData\Local\Programs\MiKTeX 2.9\tex/latex/amsmath\amsbsy.sty
"
Package: amsbsy 1999/11/29 v1.2d Bold Symbols
\pmbraise@=\dimen161
)
("C:\Users\tawan\AppData\Local\Programs\MiKTeX 2.9\tex/latex/amsmath\amsopn.sty
"
Package: amsopn 2016/03/08 v2.02 operator names
)
\inf@bad=\count187
LaTeX Info: Redefining \frac on input line 227.
\uproot@=\count188
\leftroot@=\count189
LaTeX Info: Redefining \overline on input line 389.
\classnum@=\count190
\DOTSCASE@=\count191
LaTeX Info: Redefining \ldots on input line 486.
LaTeX Info: Redefining \dots on input line 489.
LaTeX Info: Redefining \cdots on input line 610.
\Mathstrutbox@=\box49
\strutbox@=\box50
\big@size=\dimen162
LaTeX Font Info:    Redeclaring font encoding OML on input line 733.
LaTeX Font Info:    Redeclaring font encoding OMS on input line 734.
\macc@depth=\count192
\c@MaxMatrixCols=\count193
\dotsspace@=\muskip16
\c@parentequation=\count194
\dspbrk@lvl=\count195
\tag@help=\toks22
\row@=\count196
\column@=\count197
\maxfields@=\count198
\andhelp@=\toks23
\eqnshift@=\dimen163
\alignsep@=\dimen164
\tagshift@=\dimen165
\tagwidth@=\dimen166
\totwidth@=\dimen167
\lineht@=\dimen168
\@envbody=\toks24
\multlinegap=\skip68
\multlinetaggap=\skip69
\mathdisplay@stack=\toks25
LaTeX Info: Redefining \[ on input line 2859.
LaTeX Info: Redefining \] on input line 2860.
)
("C:\Users\tawan\AppData\Local\Programs\MiKTeX 2.9\tex/latex/amsfonts\amssymb.s
ty"
Package: amssymb 2013/01/14 v3.01 AMS font symbols

("C:\Users\tawan\AppData\Local\Programs\MiKTeX 2.9\tex/latex/amsfonts\amsfonts.
sty"
Package: amsfonts 2013/01/14 v3.01 Basic AMSFonts support
\symAMSa=\mathgroup5
\symAMSb=\mathgroup6
LaTeX Font Info:    Redeclaring math symbol \hbar on input line 98.
LaTeX Font Info:    Overwriting math alphabet `\mathfrak' in version `bold'
(Font)                  U/euf/m/n --> U/euf/b/n on input line 106.
))
("C:\Users\tawan\AppData\Local\Programs\MiKTeX 2.9\tex/latex/booktabs\booktabs.
sty"
Package: booktabs 2020/01/12 v1.61803398 Publication quality tables
\heavyrulewidth=\dimen169
\lightrulewidth=\dimen170
\cmidrulewidth=\dimen171
\belowrulesep=\dimen172
\belowbottomsep=\dimen173
\aboverulesep=\dimen174
\abovetopsep=\dimen175
\cmidrulesep=\dimen176
\cmidrulekern=\dimen177
\defaultaddspace=\dimen178
\@cmidla=\count199
\@cmidlb=\count266
\@aboverulesep=\dimen179
\@belowrulesep=\dimen180
\@thisruleclass=\count267
\@lastruleclass=\count268
\@thisrulewidth=\dimen181
)
("C:\Users\tawan\AppData\Local\Programs\MiKTeX 2.9\tex/latex/listings\listings.
sty"
\lst@mode=\count269
\lst@gtempboxa=\box51
\lst@token=\toks26
\lst@length=\count270
\lst@currlwidth=\dimen182
\lst@column=\count271
\lst@pos=\count272
\lst@lostspace=\dimen183
\lst@width=\dimen184
\lst@newlines=\count273
\lst@lineno=\count274
\lst@maxwidth=\dimen185

("C:\Users\tawan\AppData\Local\Programs\MiKTeX 2.9\tex/latex/listings\lstmisc.s
ty"
File: lstmisc.sty 2020/03/24 1.8d (Carsten Heinz)
\c@lstnumber=\count275
\lst@skipnumbers=\count276
\lst@framebox=\box52
)
("C:\Users\tawan\AppData\Local\Programs\MiKTeX 2.9\tex/latex/listings\listings.
cfg"
File: listings.cfg 2020/03/24 1.8d listings configuration
))
Package: listings 2020/03/24 1.8d (Carsten Heinz)

("C:\Users\tawan\AppData\Local\Programs\MiKTeX 2.9\tex/latex/tools\enumerate.st
y"
Package: enumerate 2015/07/23 v3.00 enumerate extensions (DPC)
\@enLab=\toks27
)
("C:\Users\tawan\AppData\Local\Programs\MiKTeX 2.9\tex/latex/placeins\placeins.
sty"
Package: placeins 2005/04/18  v 2.2
)
("C:\Users\tawan\AppData\Local\Programs\MiKTeX 2.9\tex/latex/wrapfig\wrapfig.st
y"
\wrapoverhang=\dimen186
\WF@size=\dimen187
\c@WF@wrappedlines=\count277
\WF@box=\box53
\WF@everypar=\toks28
Package: wrapfig 2003/01/31  v 3.6
)
("C:\Users\tawan\AppData\Local\Programs\MiKTeX 2.9\tex/latex/pdfpages\pdfpages.
sty"
Package: pdfpages 2020/01/28 v0.5q Insert pages of external PDF documents (AM)

("C:\Users\tawan\AppData\Local\Programs\MiKTeX 2.9\tex/latex/base\ifthen.sty"
Package: ifthen 2014/09/29 v1.1c Standard LaTeX ifthen package (DPC)
)
("C:\Users\tawan\AppData\Local\Programs\MiKTeX 2.9\tex/latex/tools\calc.sty"
Package: calc 2017/05/25 v4.3 Infix arithmetic (KKT,FJ)
\calc@Acount=\count278
\calc@Bcount=\count279
\calc@Adimen=\dimen188
\calc@Bdimen=\dimen189
\calc@Askip=\skip70
\calc@Bskip=\skip71
LaTeX Info: Redefining \setlength on input line 80.
LaTeX Info: Redefining \addtolength on input line 81.
\calc@Ccount=\count280
\calc@Cskip=\skip72
)
("C:\Users\tawan\AppData\Local\Programs\MiKTeX 2.9\tex/latex/eso-pic\eso-pic.st
y"
Package: eso-pic 2018/04/12 v2.0h eso-pic (RN)

("C:\Users\tawan\AppData\Local\Programs\MiKTeX 2.9\tex/generic/atbegshi\atbegsh
i.sty"
Package: atbegshi 2019/12/05 v1.19 At begin shipout hook (HO)

("C:\Users\tawan\AppData\Local\Programs\MiKTeX 2.9\tex/generic/infwarerr\infwar
err.sty"
Package: infwarerr 2019/12/03 v1.5 Providing info/warning/error messages (HO)
)
("C:\Users\tawan\AppData\Local\Programs\MiKTeX 2.9\tex/generic/ltxcmds\ltxcmds.
sty"
Package: ltxcmds 2019/12/15 v1.24 LaTeX kernel commands for general use (HO)
)))
\AM@pagewidth=\dimen190
\AM@pageheight=\dimen191

("C:\Users\tawan\AppData\Local\Programs\MiKTeX 2.9\tex/latex/pdfpages\pppdftex.
def"
File: pppdftex.def 2020/01/28 v0.5q Pdfpages driver for pdfTeX (AM)
)
\AM@pagebox=\box54
\AM@global@opts=\toks29
\AM@pagecnt=\count281
\AM@toc@title=\toks30
\c@AM@survey=\count282
\AM@templatesizebox=\box55
)
("C:\Users\tawan\AppData\Local\Programs\MiKTeX 2.9\tex/latex/base\flafter.sty"
Package: flafter 2018/11/28 v1.4d Standard LaTeX floats after reference (FMi)
Applying: [2015/01/01] float order in 2-column on input line 49.
Already applied: [0000/00/00] float order in 2-column on input line 151.
) ("C:\Users\tawan\AppData\Local\Programs\MiKTeX 2.9\tex/latex/natbib\natbib.st
y"
Package: natbib 2010/09/13 8.31b (PWD, AO)
\bibhang=\skip73
\bibsep=\skip74
LaTeX Info: Redefining \cite on input line 694.
\c@NAT@ctr=\count283
)
("C:\Users\tawan\AppData\Local\Programs\MiKTeX 2.9\tex/latex/appendix\appendix.
sty"
Package: appendix 2020/02/08 v1.2c extra appendix facilities
\c@@pps=\count284
\c@@ppsavesec=\count285
\c@@ppsaveapp=\count286
)
("C:\Users\tawan\AppData\Local\Programs\MiKTeX 2.9\tex/generic/babel\babel.sty"
Package: babel 2020/03/22 3.42 The Babel package
("C:\Users\tawan\AppData\Local\Programs\MiKTeX 2.9\tex/generic/babel\switch.def
"
File: switch.def 2020/03/22 3.42 Babel switching mechanism
)
*************************************
* Local config file bblopts.cfg used
*
("C:\Users\tawan\AppData\Local\Programs\MiKTeX 2.9\tex/latex/arabi\bblopts.cfg"
File: bblopts.cfg 2005/09/08 v0.1 add Arabic and Farsi to "declared" options of
 babel
)
("C:\Users\tawan\AppData\Local\Programs\MiKTeX 2.9\tex/latex/babel-english\engl
ish.ldf"
Language: english 2017/06/06 v3.3r English support from the babel system

("C:\Users\tawan\AppData\Local\Programs\MiKTeX 2.9\tex/generic/babel\babel.def"
File: babel.def 2020/03/22 3.42 Babel common definitions
\babel@savecnt=\count287
\U@D=\dimen192

("C:\Users\tawan\AppData\Local\Programs\MiKTeX 2.9\tex/generic/babel\txtbabel.d
ef")
\bbl@readstream=\read2
\bbl@dirlevel=\count288
)
Package babel Info: \l@canadian = using hyphenrules for english
(babel)             (\language0) on input line 102.
Package babel Info: \l@australian = using hyphenrules for ukenglish
(babel)             (\language76) on input line 105.
Package babel Info: \l@newzealand = using hyphenrules for ukenglish
(babel)             (\language76) on input line 108.
))
("C:\Users\tawan\AppData\Local\Programs\MiKTeX 2.9\tex/latex/setspace\setspace.
sty"
Package: setspace 2011/12/19 v6.7a set line spacing
)
("C:\Users\tawan\AppData\Local\Programs\MiKTeX 2.9\tex/latex/l3backend\l3backen
d-pdfmode.def"
File: l3backend-pdfmode.def 2020-03-12 L3 backend support: PDF mode
\l__kernel_color_stack_int=\count289
\l__pdf_internal_box=\box56
) ("19476700 Tawana Kwaraamba.aux")
\openout1 = `"19476700 Tawana Kwaraamba.aux"'.

LaTeX Font Info:    Checking defaults for OML/cmm/m/it on input line 52.
LaTeX Font Info:    ... okay on input line 52.
LaTeX Font Info:    Checking defaults for OMS/cmsy/m/n on input line 52.
LaTeX Font Info:    ... okay on input line 52.
LaTeX Font Info:    Checking defaults for OT1/cmr/m/n on input line 52.
LaTeX Font Info:    ... okay on input line 52.
LaTeX Font Info:    Checking defaults for T1/cmr/m/n on input line 52.
LaTeX Font Info:    ... okay on input line 52.
LaTeX Font Info:    Checking defaults for TS1/cmr/m/n on input line 52.
LaTeX Font Info:    ... okay on input line 52.
LaTeX Font Info:    Checking defaults for OMX/cmex/m/n on input line 52.
LaTeX Font Info:    ... okay on input line 52.
LaTeX Font Info:    Checking defaults for U/cmr/m/n on input line 52.
LaTeX Font Info:    ... okay on input line 52.
LaTeX Font Info:    Trying to load font information for T1+ppl on input line 52
.

("C:\Users\tawan\AppData\Local\Programs\MiKTeX 2.9\tex/latex/psnfss\t1ppl.fd"
File: t1ppl.fd 2001/06/04 font definitions for T1/ppl.
)
("C:\Users\tawan\AppData\Local\Programs\MiKTeX 2.9\tex/context/base/mkii\supp-p
df.mkii"
[Loading MPS to PDF converter (version 2006.09.02).]
\scratchcounter=\count290
\scratchdimen=\dimen193
\scratchbox=\box57
\nofMPsegments=\count291
\nofMParguments=\count292
\everyMPshowfont=\toks31
\MPscratchCnt=\count293
\MPscratchDim=\dimen194
\MPnumerator=\count294
\makeMPintoPDFobject=\count295
\everyMPtoPDFconversion=\toks32
)
("C:\Users\tawan\AppData\Local\Programs\MiKTeX 2.9\tex/latex/epstopdf-pkg\epsto
pdf-base.sty"
Package: epstopdf-base 2020-01-24 v2.11 Base part for package epstopdf
Package epstopdf-base Info: Redefining graphics rule for `.eps' on input line 4
85.
)
*geometry* driver: auto-detecting
*geometry* detected driver: pdftex
*geometry* verbose mode - [ preamble ] result:
* driver: pdftex
* paper: <default>
* layout: <same size as paper>
* layoutoffset:(h,v)=(0.0pt,0.0pt)
* modes: 
* h-part:(L,W,R)=(42.67912pt, 512.14963pt, 42.67912pt)
* v-part:(T,H,B)=(42.67912pt, 759.6886pt, 42.67912pt)
* \paperwidth=597.50787pt
* \paperheight=845.04684pt
* \textwidth=512.14963pt
* \textheight=759.6886pt
* \oddsidemargin=-29.59087pt
* \evensidemargin=-29.59087pt
* \topmargin=-66.59087pt
* \headheight=12.0pt
* \headsep=25.0pt
* \topskip=12.0pt
* \footskip=30.0pt
* \marginparwidth=35.0pt
* \marginparsep=10.0pt
* \columnsep=10.0pt
* \skip\footins=10.8pt plus 4.0pt minus 2.0pt
* \hoffset=0.0pt
* \voffset=0.0pt
* \mag=1000
* \@twocolumnfalse
* \@twosidefalse
* \@mparswitchfalse
* \@reversemarginfalse
* (1in=72.27pt=25.4mm, 1cm=28.453pt)

Package caption Info: Begin \AtBeginDocument code.
Package caption Info: subfig package v1.3 is loaded.
Package caption Info: listings package is loaded.
Package caption Info: wrapfig package is loaded.
Package caption Info: End \AtBeginDocument code.
\c@lstlisting=\count296
\AtBeginShipoutBox=\box58

("C:\Users\tawan\AppData\Local\Programs\MiKTeX 2.9\tex/latex/pdflscape\pdflscap
e.sty"
Package: pdflscape 2019/12/05 v0.12 Display of landscape pages in PDF (HO)

("C:\Users\tawan\AppData\Local\Programs\MiKTeX 2.9\tex/latex/graphics\lscape.st
y"
Package: lscape 2000/10/22 v3.01 Landscape Pages (DPC)
)
Package pdflscape Info: Auto-detected driver: pdftex on input line 81.
)
<curtin_logo.png, id=1, 455.7025pt x 142.5325pt>
File: curtin_logo.png Graphic file (type png)
<use curtin_logo.png>
Package pdftex.def Info: curtin_logo.png  used on input line 54.
(pdftex.def)             Requested size: 512.14963pt x 160.19205pt.
 [1

{C:/Users/tawan/AppData/Local/MiKTeX/2.9/pdftex/config/pdftex.map} <./curtin_lo
go.png>]
<DeclarationOfOriginality_v1.1.pdf, id=10, 597.23125pt x 845.1575pt>
File: DeclarationOfOriginality_v1.1.pdf Graphic file (type pdf)
<use DeclarationOfOriginality_v1.1.pdf>
Package pdftex.def Info: DeclarationOfOriginality_v1.1.pdf  used on input line 
61.
(pdftex.def)             Requested size: 597.22978pt x 845.15544pt.
File: DeclarationOfOriginality_v1.1.pdf Graphic file (type pdf)
<use DeclarationOfOriginality_v1.1.pdf>
Package pdftex.def Info: DeclarationOfOriginality_v1.1.pdf  used on input line 
61.
(pdftex.def)             Requested size: 597.22978pt x 845.15544pt.
<DeclarationOfOriginality_v1.1.pdf, id=13, page=1, 597.23125pt x 845.1575pt>
File: DeclarationOfOriginality_v1.1.pdf Graphic file (type pdf)
<use DeclarationOfOriginality_v1.1.pdf, page 1>
Package pdftex.def Info: DeclarationOfOriginality_v1.1.pdf , page1 used on inpu
t line 61.
(pdftex.def)             Requested size: 597.22978pt x 845.15544pt.
File: DeclarationOfOriginality_v1.1.pdf Graphic file (type pdf)
<use DeclarationOfOriginality_v1.1.pdf, page 1>
Package pdftex.def Info: DeclarationOfOriginality_v1.1.pdf , page1 used on inpu
t line 61.
(pdftex.def)             Requested size: 597.22978pt x 845.15544pt.
File: DeclarationOfOriginality_v1.1.pdf Graphic file (type pdf)
<use DeclarationOfOriginality_v1.1.pdf, page 1>
Package pdftex.def Info: DeclarationOfOriginality_v1.1.pdf , page1 used on inpu
t line 61.
(pdftex.def)             Requested size: 597.22978pt x 845.15544pt.
File: DeclarationOfOriginality_v1.1.pdf Graphic file (type pdf)
<use DeclarationOfOriginality_v1.1.pdf, page 1>
Package pdftex.def Info: DeclarationOfOriginality_v1.1.pdf , page1 used on inpu
t line 61.
(pdftex.def)             Requested size: 597.22978pt x 845.15544pt.
File: DeclarationOfOriginality_v1.1.pdf Graphic file (type pdf)
<use DeclarationOfOriginality_v1.1.pdf, page 1>
Package pdftex.def Info: DeclarationOfOriginality_v1.1.pdf , page1 used on inpu
t line 61.
(pdftex.def)             Requested size: 597.22978pt x 845.15544pt.
 [2 <./DeclarationOfOriginality_v1.1.pdf>]
("19476700 Tawana Kwaraamba.toc")
\tf@toc=\write3
\openout3 = `"19476700 Tawana Kwaraamba.toc"'.

 [3] ("19476700 Tawana Kwaraamba.lof"
LaTeX Font Info:    Trying to load font information for OT1+ppl on input line 2
.

("C:\Users\tawan\AppData\Local\Programs\MiKTeX 2.9\tex/latex/psnfss\ot1ppl.fd"
File: ot1ppl.fd 2001/06/04 font definitions for OT1/ppl.
)
LaTeX Font Info:    Trying to load font information for OML+zplm on input line 
2.
("C:\Users\tawan\AppData\Local\Programs\MiKTeX 2.9\tex/latex/psnfss\omlzplm.fd"
File: omlzplm.fd 2002/09/08 Fontinst v1.914 font definitions for OML/zplm.
)
LaTeX Font Info:    Trying to load font information for OMS+zplm on input line 
2.
 ("C:\Users\tawan\AppData\Local\Programs\MiKTeX 2.9\tex/latex/psnfss\omszplm.fd
"
File: omszplm.fd 2002/09/08 Fontinst v1.914 font definitions for OMS/zplm.
)
LaTeX Font Info:    Trying to load font information for OMX+zplm on input line 
2.

("C:\Users\tawan\AppData\Local\Programs\MiKTeX 2.9\tex/latex/psnfss\omxzplm.fd"
File: omxzplm.fd 2002/09/08 Fontinst v1.914 font definitions for OMX/zplm.
)
LaTeX Font Info:    Trying to load font information for OT1+zplm on input line 
2.
 ("C:\Users\tawan\AppData\Local\Programs\MiKTeX 2.9\tex/latex/psnfss\ot1zplm.fd
"
File: ot1zplm.fd 2002/09/08 Fontinst v1.914 font definitions for OT1/zplm.
)
LaTeX Font Info:    Font shape `U/msa/m/n' will be
(Font)              scaled to size 12.50409pt on input line 2.
LaTeX Font Info:    Font shape `U/msa/m/n' will be
(Font)              scaled to size 9.37807pt on input line 2.
LaTeX Font Info:    Font shape `U/msa/m/n' will be
(Font)              scaled to size 7.29405pt on input line 2.
LaTeX Font Info:    Font shape `U/msb/m/n' will be
(Font)              scaled to size 12.50409pt on input line 2.
LaTeX Font Info:    Font shape `U/msb/m/n' will be
(Font)              scaled to size 9.37807pt on input line 2.
LaTeX Font Info:    Font shape `U/msb/m/n' will be
(Font)              scaled to size 7.29405pt on input line 2.
)
\tf@lof=\write4
\openout4 = `"19476700 Tawana Kwaraamba.lof"'.

 [4] ("19476700 Tawana Kwaraamba.lot")
\tf@lot=\write5
\openout5 = `"19476700 Tawana Kwaraamba.lot"'.

 [5] [1]
<files/uml.pdf, id=55, 845.07718pt x 598.15468pt>
File: files/uml.pdf Graphic file (type pdf)
<use files/uml.pdf>
Package pdftex.def Info: files/uml.pdf  used on input line 89.
(pdftex.def)             Requested size: 845.07512pt x 598.15321pt.
File: files/uml.pdf Graphic file (type pdf)
<use files/uml.pdf>
Package pdftex.def Info: files/uml.pdf  used on input line 89.
(pdftex.def)             Requested size: 845.07512pt x 598.15321pt.
<files/uml.pdf, id=58, page=1, 845.07718pt x 598.15468pt>
File: files/uml.pdf Graphic file (type pdf)
<use files/uml.pdf, page 1>
Package pdftex.def Info: files/uml.pdf , page1 used on input line 89.
(pdftex.def)             Requested size: 845.07512pt x 598.15321pt.
File: files/uml.pdf Graphic file (type pdf)
<use files/uml.pdf, page 1>
Package pdftex.def Info: files/uml.pdf , page1 used on input line 89.
(pdftex.def)             Requested size: 836.629pt x 592.17496pt.
File: files/uml.pdf Graphic file (type pdf)
<use files/uml.pdf, page 1>
Package pdftex.def Info: files/uml.pdf , page1 used on input line 89.
(pdftex.def)             Requested size: 836.629pt x 592.17496pt.
File: files/uml.pdf Graphic file (type pdf)
<use files/uml.pdf, page 1>
Package pdftex.def Info: files/uml.pdf , page1 used on input line 89.
(pdftex.def)             Requested size: 836.629pt x 592.17496pt.
File: files/uml.pdf Graphic file (type pdf)
<use files/uml.pdf, page 1>
Package pdftex.def Info: files/uml.pdf , page1 used on input line 89.
(pdftex.def)             Requested size: 836.629pt x 592.17496pt.
 [2 <./files/uml.pdf

pdfTeX warning: pdflatex (file ./files/uml.pdf): PDF inclusion: invalid other r
esource which is no dict (key 'ProcSets', type <array>); ignored.
>] [3] [4] [5] [6] [7] [8]
<output/DetectedArea0.jpg, id=101, 225.84375pt x 225.84375pt>
File: output/DetectedArea0.jpg Graphic file (type jpg)
<use output/DetectedArea0.jpg>
Package pdftex.def Info: output/DetectedArea0.jpg  used on input line 131.
(pdftex.def)             Requested size: 125.4761pt x 125.47916pt.
<output/DetectedArea1.jpg, id=102, 538.01pt x 887.315pt>
File: output/DetectedArea1.jpg Graphic file (type jpg)
<use output/DetectedArea1.jpg>
Package pdftex.def Info: output/DetectedArea1.jpg  used on input line 146.
(pdftex.def)             Requested size: 150.57286pt x 248.32465pt.
<output/DetectedArea2.jpg, id=103, 225.84375pt x 225.84375pt>
File: output/DetectedArea2.jpg Graphic file (type jpg)
<use output/DetectedArea2.jpg>
Package pdftex.def Info: output/DetectedArea2.jpg  used on input line 161.
(pdftex.def)             Requested size: 125.4761pt x 125.47916pt.
<output/DetectedArea3.jpg, id=104, 259.97125pt x 194.7275pt>
File: output/DetectedArea3.jpg Graphic file (type jpg)
<use output/DetectedArea3.jpg>
Package pdftex.def Info: output/DetectedArea3.jpg  used on input line 176.
(pdftex.def)             Requested size: 125.4761pt x 93.98512pt.
<output/DetectedArea4.jpg, id=105, 265.99374pt x 265.99374pt>
File: output/DetectedArea4.jpg Graphic file (type jpg)
<use output/DetectedArea4.jpg>
Package pdftex.def Info: output/DetectedArea4.jpg  used on input line 191.
(pdftex.def)             Requested size: 125.4761pt x 125.47571pt.
<output/DetectedArea5.jpg, id=106, 259.97125pt x 194.7275pt>
File: output/DetectedArea5.jpg Graphic file (type jpg)
<use output/DetectedArea5.jpg>
Package pdftex.def Info: output/DetectedArea5.jpg  used on input line 206.
(pdftex.def)             Requested size: 125.4761pt x 93.98512pt.
 [9 <./output/DetectedArea0.jpg> <./output/DetectedArea1.jpg>] [10 <./output/De
tectedArea2.jpg> <./output/DetectedArea3.jpg> <./output/DetectedArea4.jpg>] [11
 <./output/DetectedArea5.jpg>]
Overfull \hbox (33.55818pt too wide) in paragraph at lines 227--228
\T1/ppl/m/n/12 southeast-2-prod-fleet01-xythos.s3.ap-southeast-2.amazonaws.com/
5dc3e34515a0e/4348643?response-
 []


Overfull \hbox (120.7835pt too wide) in paragraph at lines 227--228
\T1/ppl/m/n/12 cache-control=private%2C%20max-age%3D21600&response-content-disp
osition=inline%3B%20filename%2A%3DUTF-
 []


Overfull \hbox (92.23528pt too wide) in paragraph at lines 227--228
\T1/ppl/m/n/12 8%27%27lecture03_feature_detection.pdf&response-content-type=app
lication%2Fpdf&X-Amz-Algorithm=AWS4-
 []


Overfull \hbox (69.18593pt too wide) in paragraph at lines 227--228
\T1/ppl/m/n/12 HMAC-SHA256&X-Amz-Date=20201030T210000Z&X-Amz-SignedHeaders=host
&X-Amz-Expires=21600&X-
 []


Overfull \hbox (63.0295pt too wide) in paragraph at lines 227--228
\T1/ppl/m/n/12 Amz-Credential=AKIAYDKQORRYZBCCQFY5%2F20201030%2Fap-southeast-2%
2Fs3%2Faws4_request&X-
 []


Overfull \hbox (26.62114pt too wide) in paragraph at lines 230--231
\T1/ppl/m/n/12 search. https://www.pyimagesearch.com/2014/11/17/non-maximum-sup
pression-object-detection-
 []


Overfull \hbox (22.97385pt too wide) in paragraph at lines 232--233
[]\T1/ppl/m/n/12 Sambasivarao, K. 2019. Non-maximum Sup-pres-sion (NMS)". http
s://towardsdatascience.com/non-
 []

[12]
("C:\Users\tawan\AppData\Local\Programs\MiKTeX 2.9\tex/latex/listings\lstlang1.
sty"
File: lstlang1.sty 2020/03/24 1.8d listings language file
) (files/main.py
Overfull \hbox (27.85587pt too wide) in paragraph at lines 7--8
[][][][][][][][][][][][][][][][][][][][][][][][][][][][][][][][][] 
 []


Overfull \hbox (49.45609pt too wide) in paragraph at lines 8--9
[][][][][][][][][][][][][][][][][][][][][][][][][] 
 []


Overfull \hbox (20.65579pt too wide) in paragraph at lines 9--10
[][][][][][][][][][][][][][][][][][][][][][][][][][][][][][][] 
 []

LaTeX Font Info:    Trying to load font information for TS1+ppl on input line 1
3.
("C:\Users\tawan\AppData\Local\Programs\MiKTeX 2.9\tex/latex/psnfss\ts1ppl.fd"
File: ts1ppl.fd 2001/06/04 font definitions for TS1/ppl.
)
Overfull \hbox (35.05594pt too wide) in paragraph at lines 33--34
[][][][][][][][][][][][][][][][][][][][][][][][][][][][][][][][][][][] 
 []


Overfull \hbox (20.65579pt too wide) in paragraph at lines 38--39
[][][][][][][][][][][][][][][][][][][][][][][][][][][][][] 
 []

[13]
Overfull \hbox (49.45609pt too wide) in paragraph at lines 39--40
[][][][][][][][][][][][][][][][][][][][][][][][][][][] 
 []


Overfull \hbox (56.65616pt too wide) in paragraph at lines 40--41
[][][][][][][][][][][][][][][][][][][][][][][][][][][][] 
 []


Overfull \hbox (63.85623pt too wide) in paragraph at lines 43--44
[][][][][][][][][][][][][][][][][][][][][][][][][][][][] 
 []


Overfull \hbox (20.65579pt too wide) in paragraph at lines 44--45
[][][][][][][][][][][][][][][][][][][][][][][][][][][][][] 
 []


Overfull \hbox (49.45609pt too wide) in paragraph at lines 49--50
[][][][][][][][][][][][][][][][][][][][][][][][][][][][][] 
 []


Overfull \hbox (42.25601pt too wide) in paragraph at lines 54--55
[][][][][][][][][][][][][][][][][][][][][][][][][][][][][][][] 
 []


Overfull \hbox (63.85623pt too wide) in paragraph at lines 57--58
[][][][][][][][][][][][][][][][][][][][][][][][][][][][][] 
 []


Overfull \hbox (35.05594pt too wide) in paragraph at lines 58--59
[][][][][][][][][][][][][][][][][][][][][][][][][][][][][][][] 
 []


Overfull \hbox (27.85587pt too wide) in paragraph at lines 61--62
[][][][][][][][][][][][][][][][][][][][][][][][][][][] 
 []


Overfull \hbox (42.25601pt too wide) in paragraph at lines 62--63
[][][][][][][][][][][][][][][][][][][][][][][][][][][][][][] 
 []

) [14] (files/Trainer.py
Overfull \hbox (35.05594pt too wide) in paragraph at lines 5--6
[][][][][][][][][][][][][][][][][][][][][][][][][][][][][][][][] 
 []


Overfull \hbox (42.25601pt too wide) in paragraph at lines 6--7
[][][][][][][][][][][][][][][][][][][][][][][][][][][][][][][][][][] 
 []


Overfull \hbox (13.45572pt too wide) in paragraph at lines 7--8
[][][][][][][][][][][][][][][][][][][][][][][][][][] 
 []


Overfull \hbox (49.45609pt too wide) in paragraph at lines 16--17
[][][][][][][][][][][][][][][][][][][][][][][][][][][][][][][][][][][][] 
 []


Overfull \hbox (20.65579pt too wide) in paragraph at lines 17--18
[][][][][][][][][][][][][][][][][][][][][][][][][][][][][][][][][] 
 []


Overfull \hbox (63.85623pt too wide) in paragraph at lines 18--19
[][][][][][][][][][][][][][][][][][][][][][][][][][][][][][][] 
 []


Overfull \hbox (63.85623pt too wide) in paragraph at lines 30--31
[][][][][][][] 
 []

[15

]
Overfull \hbox (63.85623pt too wide) in paragraph at lines 48--49
[][][][][][][][][] 
 []


Overfull \hbox (20.65579pt too wide) in paragraph at lines 54--55
[][][][][][][][][][][][][][][][][][][][][][][][][] 
 []


Overfull \hbox (49.45609pt too wide) in paragraph at lines 58--59
[][][][][][][][][][][][][][][][][][][][][][] 
 []


Overfull \hbox (56.65616pt too wide) in paragraph at lines 59--60
[][][][][][][][][][][][][][][][][][][][][][][][][][] 
 []


Overfull \hbox (42.25601pt too wide) in paragraph at lines 65--66
[][][][][][][][][][][][][][][][][][][][][][][][][] 
 []


Overfull \hbox (92.65652pt too wide) in paragraph at lines 72--73
[][][][][][][][][][][][][][][][][][][][][][][][][] 
 []


Overfull \hbox (49.45609pt too wide) in paragraph at lines 82--83
[][][][][][][][][][][][][][][][][][][][][][][] 
 []

[16]
Overfull \hbox (63.85623pt too wide) in paragraph at lines 84--85
[][][][][][][][][][][][][][][][][][][][][][][][][][][] 
 []


Overfull \hbox (27.85587pt too wide) in paragraph at lines 93--94
[][][][][][][][][][][][][][][][][][][][][][][] 
 []


Overfull \hbox (42.25601pt too wide) in paragraph at lines 122--123
[][][][][][][][][][][][][][][][][][][][][][][][][][][][][] 
 []


Overfull \hbox (13.45572pt too wide) in paragraph at lines 123--124
[][][][][][][][][][][][][][][][][][][][][][][][] 
 []

[17]
Overfull \hbox (49.45609pt too wide) in paragraph at lines 129--130
[][][][][][][][][][][][][][][][][][][][][][] 
 []


Overfull \hbox (56.65616pt too wide) in paragraph at lines 130--131
[][][][][][][][][][][][][][][][][][][][][][][][][][] 
 []


Overfull \hbox (20.65579pt too wide) in paragraph at lines 138--139
[][][][][][][][][][][][][][][][][][][][][][][][][][][] 
 []


Overfull \hbox (49.45609pt too wide) in paragraph at lines 143--144
[][][][][][][][][][][][][][][][][][][][][][][][][][][] 
 []

) [18] (files/Image.py
Overfull \hbox (6.25565pt too wide) in paragraph at lines 7--8
[][][][][][][][][][][][][][][][][][][][][][][][][][][][][][] 
 []


Overfull \hbox (13.45572pt too wide) in paragraph at lines 8--9
[][][][][][][][][][][][][][][][][][][][][][][][][][][][][][] 
 []


Overfull \hbox (63.85623pt too wide) in paragraph at lines 27--28
[][][][][][][] 
 []


Overfull \hbox (63.85623pt too wide) in paragraph at lines 40--41
[][][][][][][] 
 []

[19

]
Overfull \hbox (35.05594pt too wide) in paragraph at lines 46--47
[][][][][][][][][][][][][][][][][][][][][][][][][][][][][] 
 []


Overfull \hbox (42.25601pt too wide) in paragraph at lines 54--55
[][][][][][][][][][][][][][][][][][][][][][][][][][][][][][] 
 []


Overfull \hbox (6.25565pt too wide) in paragraph at lines 55--56
[][][][][][][][][][][][][][][][][][][][][][][][][][][][][][] 
 []


Overfull \hbox (56.65616pt too wide) in paragraph at lines 67--68
[][][][][][][][][][][][][][][][][][][][][][][][][][][][][][][] 
 []


Overfull \hbox (49.45609pt too wide) in paragraph at lines 68--69
[][][][][][][][][][][][][][][][][][][][][][][][][][][][][] 
 []


Overfull \hbox (35.05594pt too wide) in paragraph at lines 83--84
[][][][][][][][][][][][][][][][][][][][][][][][][][][][][][][] 
 []

[20]
Overfull \hbox (56.65616pt too wide) in paragraph at lines 90--91
[][][][][][][][][][][][][][][][][][][][][][][][][][][][][][] 
 []


Overfull \hbox (42.25601pt too wide) in paragraph at lines 94--95
[][][][][][][][][][][][][][][][][][][][][][][][][] 
 []


Overfull \hbox (42.25601pt too wide) in paragraph at lines 97--98
[][][][][][][][][][][][][][][][][][][][][][][][][][] 
 []


Overfull \hbox (56.65616pt too wide) in paragraph at lines 99--101
[][][][][][][][][][][][][][][][][][][][][][][][][][] 
 []


Overfull \hbox (35.05594pt too wide) in paragraph at lines 103--104
[][][][][][][][][][][][][][][][][][][][][][][][][][][] 
 []


Overfull \hbox (42.25601pt too wide) in paragraph at lines 109--110
[][][][][][][][][][][][][][][][][][][][][][][][][][][] 
 []


Overfull \hbox (20.65579pt too wide) in paragraph at lines 113--114
[][][][][][][][][][][][][][][][][][][][][][][][][][][][] 
 []


Overfull \hbox (20.65579pt too wide) in paragraph at lines 116--117
[][][][][][][][][][][][][][][][][][][][][][][][][][][][][][] 
 []


Overfull \hbox (27.85587pt too wide) in paragraph at lines 117--118
[][][][][][][][][][][][][][][][][][][][][][][][][][][][][][] 
 []

[21]
Overfull \hbox (49.45609pt too wide) in paragraph at lines 130--132
[][][][][][][][][][][][][][][][][][][][][][][] 
 []


Overfull \hbox (27.85587pt too wide) in paragraph at lines 132--133
[][][][][][][][][][][][][][][][][][][][][][][][][][] 
 []


Overfull \hbox (6.25565pt too wide) in paragraph at lines 137--139
[][][][][][][][][][][][][][][][][][][][][] 
 []


Overfull \hbox (49.45609pt too wide) in paragraph at lines 139--140
[][][][][][][][][][][][][][][][][][][][][][][][][][][][][][] 
 []


Overfull \hbox (27.85587pt too wide) in paragraph at lines 142--143
[][][][][][][][][][][][][][][][][][][][][][][][][][] 
 []


Overfull \hbox (56.65616pt too wide) in paragraph at lines 146--148
[][][][][][][][][][][][][][][][][][][][][][][][][] 
 []


Overfull \hbox (42.25601pt too wide) in paragraph at lines 149--150
[][][][][][][][][][][][][][][][][][][][][][][][][][][][][][][][][] 
 []


Overfull \hbox (35.05594pt too wide) in paragraph at lines 157--158
[][][][][][][][][][][][][][][][][][][][][][][][][][][][][][][][] 
 []


Overfull \hbox (63.85623pt too wide) in paragraph at lines 158--159
[][][][][][][][][][][][][][][][][][][][][][][][][][][][][] 
 []


Overfull \hbox (42.25601pt too wide) in paragraph at lines 166--167
[][][][][][][][][][][][][][][][][][][][][][][][][][][][] 
 []

[22]
Overfull \hbox (78.25638pt too wide) in paragraph at lines 171--173
[][][][][][][][][][][][][][][][][][][][][][][][][][][] 
 []


Overfull \hbox (63.85623pt too wide) in paragraph at lines 173--174
[][][][][][][][][][][][][][][][][][][][][][][][][][][][][][] 
 []


Overfull \hbox (71.0563pt too wide) in paragraph at lines 178--181
[][][][][][][][][][][][][][][][][][][][][][][][][][][] 
 []


Overfull \hbox (35.05594pt too wide) in paragraph at lines 181--182
[][][][][][][][][][][][][][][][][][][][][][][][][][][][][][] 
 []


Overfull \hbox (35.05594pt too wide) in paragraph at lines 182--183
[][][][][][][][][][][][][][][][][][][][][][][][][][][][][][] 
 []


Overfull \hbox (71.0563pt too wide) in paragraph at lines 187--190
[][][][][][][][][][][][][][][][][][][][][][][][][] 
 []


Overfull \hbox (63.85623pt too wide) in paragraph at lines 197--198
[][][][][][][][][][][][][][][][][][][][][][][][][][][] 
 []


Overfull \hbox (20.65579pt too wide) in paragraph at lines 200--201
[][][][][][][][][][][][][][][][][][][][][][][][][][][][][][] 
 []


Overfull \hbox (6.25565pt too wide) in paragraph at lines 201--202
[][][][][][][][][][][][][][][][][][][][][][][][][][][][][][][] 
 []

[23]
Overfull \hbox (35.05594pt too wide) in paragraph at lines 238--239
[][][][][][][][][][][][][][][][][][][][][][][][][][][][][][] 
 []


Overfull \hbox (42.25601pt too wide) in paragraph at lines 244--245
[][][][][][][][][][][][][][][][][][][][][][][][][] 
 []


Overfull \hbox (42.25601pt too wide) in paragraph at lines 247--248
[][][][][][][][][][][][][][][][][][][][][][][][][][] 
 []


Overfull \hbox (56.65616pt too wide) in paragraph at lines 249--251
[][][][][][][][][][][][][][][][][][][][][][][][][][] 
 []

[24]
Overfull \hbox (35.05594pt too wide) in paragraph at lines 252--253
[][][][][][][][][][][][][][][][][][][][][][][][][][][] 
 []


Overfull \hbox (13.45572pt too wide) in paragraph at lines 262--263
[][][][][][][][][][][][][][][][][][][][][] 
 []


Overfull \hbox (107.05667pt too wide) in paragraph at lines 268--270
[][][][][][][][][][][][][][][][][][][][][][][][][][][][][][][][] 
 []


Overfull \hbox (49.45609pt too wide) in paragraph at lines 271--273
[][][][][][][][][][][][][][][][][][][][][][][] 
 []


Overfull \hbox (6.25565pt too wide) in paragraph at lines 276--277
[][][][][][][][][][][][][][][][][][][][][][][][][][][][][][] 
 []


Overfull \hbox (6.25565pt too wide) in paragraph at lines 293--294
[][][][][][][][][][][][][][][][][][][][][][][][][][][][][] 
 []

[25]
Overfull \hbox (42.25601pt too wide) in paragraph at lines 297--299
[][][][][][][][][][][][][][][][][][][][][][][][][][] 
 []


Overfull \hbox (27.85587pt too wide) in paragraph at lines 304--305
[][][][][][][][][][][][][][][][][][][][][][][][][][][] 
 []


Overfull \hbox (6.25565pt too wide) in paragraph at lines 305--306
[][][][][][][][][][][][][][][][][][][][][][][][] 
 []


Overfull \hbox (42.25601pt too wide) in paragraph at lines 308--309
[][][][][][][][][][][][][][][][][][][][][][][][][][][][] 
 []


Overfull \hbox (27.85587pt too wide) in paragraph at lines 309--310
[][][][][][][][][][][][][][][][][][][][][][][][][][][][][] 
 []


Overfull \hbox (42.25601pt too wide) in paragraph at lines 312--313
[][][][][][][][][][][][][][][][][][][][][][][][][][][] 
 []


Overfull \hbox (42.25601pt too wide) in paragraph at lines 323--324
[][][][][][][][][][][][][][][][][][][][][][][][][][][][][][][][][] 
 []


Overfull \hbox (27.85587pt too wide) in paragraph at lines 331--332
[][][][][][][][][][][][][][][][][][][][][][][][][][][] 
 []

[26]
Overfull \hbox (6.25565pt too wide) in paragraph at lines 344--345
[][][][][][][][][][][][][][][][][][][][][][][][] 
 []


Overfull \hbox (6.25565pt too wide) in paragraph at lines 350--351
[][][][][][][][][][][][][][][][][][][][][][][][][][][] 
 []


Overfull \hbox (27.85587pt too wide) in paragraph at lines 353--354
[][][][][][][][][][][][][][][][][][][][][][][][][][][][][] 
 []


Overfull \hbox (27.85587pt too wide) in paragraph at lines 366--367
[][][][][][][][][][][][][][][][][][][][][][][][][][][] 
 []

[27]
Overfull \hbox (27.85587pt too wide) in paragraph at lines 384--385
[][][][][][][][][][][][][][][][][][][][][][][][] 
 []


Overfull \hbox (6.25565pt too wide) in paragraph at lines 389--390
[][][][][][][][][][][][][][][][][][][][][][] 
 []


Overfull \hbox (13.45572pt too wide) in paragraph at lines 397--398
[][][][][][][][][][][][][][][][][][][][][][][][][] 
 []


Overfull \hbox (13.45572pt too wide) in paragraph at lines 403--404
[][][][][][][][][][][][][][][][][][][][][][][] 
 []


Overfull \hbox (35.05594pt too wide) in paragraph at lines 414--415
[][][][][][][][][][][][][][][][][][][][][][][][][][][][][][][] 
 []


Overfull \hbox (42.25601pt too wide) in paragraph at lines 418--419
[][][][][][][][][][][][][][][][][][][][][][][][][][][] 
 []

[28]
Overfull \hbox (20.65579pt too wide) in paragraph at lines 445--446
[][][][][][][][][][][][][][][][][][][][][][][][][][][][] 
 []


Overfull \hbox (42.25601pt too wide) in paragraph at lines 449--450
[][][][][][][][][][][][][][][][][][][][][][] 
 []


Overfull \hbox (20.65579pt too wide) in paragraph at lines 451--452
[][][][][][][][][][][][][][][][][][][][][][][][][][][][][] 
 []

[29]
Overfull \hbox (27.85587pt too wide) in paragraph at lines 463--464
[][][][][][][][][][][][][][][][][][][][][][][][][][][][] 
 []


Overfull \hbox (20.65579pt too wide) in paragraph at lines 464--465
[][][][][][][][][][][][][][][][][][][][][][][][][][][] 
 []


Overfull \hbox (6.25565pt too wide) in paragraph at lines 482--483
[][][][][][][][][][][][][][][][][][][][][][][][][][][][] 
 []


Overfull \hbox (6.25565pt too wide) in paragraph at lines 502--503
[][][][][][][][][][][][][][][][][][][][][][][][][][][][][] 
 []

[30]
Overfull \hbox (27.85587pt too wide) in paragraph at lines 519--520
[][][][][][][][][][][][][][][][][][][][][][][][][][][][][][][] 
 []


Overfull \hbox (20.65579pt too wide) in paragraph at lines 520--521
[][][][][][][][][][][][][][][][][][][][][][][][][][][][] 
 []


Overfull \hbox (20.65579pt too wide) in paragraph at lines 524--525
[][][][][][][][][][][][][][][][][][][][][][][][][][][][][][][][] 
 []


Overfull \hbox (13.45572pt too wide) in paragraph at lines 525--526
[][][][][][][][][][][][][][][][][][][][][][][][][][][] 
 []


Overfull \hbox (6.25565pt too wide) in paragraph at lines 539--540
[][][][][][][][][][][][][][][][][][][][][][][][][][][][][] 
 []

[31]
Overfull \hbox (35.05594pt too wide) in paragraph at lines 546--547
[][][][][][][][][][][][][][][][][][][] 
 []


Overfull \hbox (6.25565pt too wide) in paragraph at lines 565--566
[][][][][][][][][][][][][][][][][][][] 
 []


Overfull \hbox (6.25565pt too wide) in paragraph at lines 580--581
[][][][][][][][][][][][][][][][][][][][][][][][][] 
 []

[32]
Overfull \hbox (27.85587pt too wide) in paragraph at lines 595--596
[][][][][][][][][][][][][][][][][][][][][][][][][][][][][][][] 
 []


Overfull \hbox (6.25565pt too wide) in paragraph at lines 600--601
[][][][][][][][][][][][][][][][][][][][][][][][][][][][][][][] 
 []


Overfull \hbox (20.65579pt too wide) in paragraph at lines 601--602
[][][][][][][][][][][][][][][][][][][][][][][][][][][][][][][][] 
 []


Overfull \hbox (6.25565pt too wide) in paragraph at lines 617--618
[][][][][][][][][][][][][][][][][][][][][][][] 
 []


Overfull \hbox (20.65579pt too wide) in paragraph at lines 626--627
[][][][][][][][][][][][][][][][][][][][][][][][][][][] 
 []


Overfull \hbox (27.85587pt too wide) in paragraph at lines 628--629
[][][][][][][][][][][][][][][][][][][][][][][][][][][] 
 []

[33]
Overfull \hbox (20.65579pt too wide) in paragraph at lines 647--648
[][][][][][][][][][][][][][][][][][][][][][][][][][] 
 []


Overfull \hbox (13.45572pt too wide) in paragraph at lines 653--654
[][][][][][][][][][][][][][][][][][][][][][][][][][][][] 
 []


Overfull \hbox (13.45572pt too wide) in paragraph at lines 670--671
[][][][][][][][][][][][][][][][][][][][][][][][][][][][][][] 
 []

[34]
Overfull \hbox (6.25565pt too wide) in paragraph at lines 691--692
[][][][][][][][][][][][][][][][][][][][][][][][] 
 []


Overfull \hbox (13.45572pt too wide) in paragraph at lines 697--698
[][][][][][][][][][][][][][][][][][][][][][][] 
 []


Overfull \hbox (35.05594pt too wide) in paragraph at lines 704--705
[][][][][][][][][][][][][][][][][][][] 
 []


Overfull \hbox (6.25565pt too wide) in paragraph at lines 711--712
[][][][][][][][][][][][][][][][][][][][][][][] 
 []


Overfull \hbox (27.85587pt too wide) in paragraph at lines 712--713
[][][][][][][][][][][][][][][][][][][][][][][][] 
 []

[35] [36]
Overfull \hbox (13.45572pt too wide) in paragraph at lines 759--760
[][][][][][][][][][][][][][][][][][][][][][][][][][] 
 []


Overfull \hbox (13.45572pt too wide) in paragraph at lines 797--798
[][][][][][][][][][][][][][][][][][][][][][][][][][][][][] 
 []

[37]
Overfull \hbox (13.45572pt too wide) in paragraph at lines 798--799
[][][][][][][][][][][][][][][][][][][][][][][][][][][][][][][][] 
 []


Overfull \hbox (13.45572pt too wide) in paragraph at lines 819--820
[][][][][][][][][][][][][][][][][][][][][][][][][][][][][][][] 
 []


Overfull \hbox (6.25565pt too wide) in paragraph at lines 834--835
[][][][][][][][][][][][][][][][][][][][][][][][][] 
 []


Overfull \hbox (20.65579pt too wide) in paragraph at lines 835--836
[][][][][][][][][][][][][][][][][][][][][][][][][][][][][][][][][] 
 []

[38]
Overfull \hbox (6.25565pt too wide) in paragraph at lines 866--867
[][][][][][][][][][][][][][][][][][][][][][][] 
 []


Overfull \hbox (6.25565pt too wide) in paragraph at lines 874--875
[][][][][][][][][][][][][][][][][][][][][][][][] 
 []


Overfull \hbox (20.65579pt too wide) in paragraph at lines 875--876
[][][][][][][][][][][][][][][][][][][][][][][][][][][] 
 []

[39]
Overfull \hbox (78.25638pt too wide) in paragraph at lines 884--885
[][][][][][][][][][][][][][][][][][] 
 []


Overfull \hbox (27.85587pt too wide) in paragraph at lines 894--895
[][][][][][][][][][][][][][][][][][][][][][][][][][][][] 
 []


Overfull \hbox (20.65579pt too wide) in paragraph at lines 898--899
[][][][][][][][][][][][][][][][][][][][][][][][][][][] 
 []


Overfull \hbox (13.45572pt too wide) in paragraph at lines 908--909
[][][][][][][][][][][][][][][][][][][][][][][][][][][][][][][] 
 []

[40]
Overfull \hbox (6.25565pt too wide) in paragraph at lines 932--933
[][][][][][][][][][][][][][][][][][][][][][][][][][][][][][][][][] 
 []


Overfull \hbox (20.65579pt too wide) in paragraph at lines 933--934
[][][][][][][][][][][][][][][][][][][][][][][][][][] 
 []


Overfull \hbox (27.85587pt too wide) in paragraph at lines 937--938
[][][][][][][][][][][][][][][][][][][][][][][][][][][][][] 
 []


Overfull \hbox (42.25601pt too wide) in paragraph at lines 939--941
[][][][][][][][][][][][][][][][][][][][][][][][][][] 
 []


Overfull \hbox (13.45572pt too wide) in paragraph at lines 945--946
[][][][][][][][][][][][][][][][][][][][][][][][][][][][][][][][][][] 
 []


Overfull \hbox (13.45572pt too wide) in paragraph at lines 951--952
[][][][][][][][][][][][][][][][][][][][][][][][][][] 
 []


Overfull \hbox (27.85587pt too wide) in paragraph at lines 957--958
[][][][][][][][][][][][][][][][][][][][][][][][][][][][][][][][][][][] 
 []


Overfull \hbox (13.45572pt too wide) in paragraph at lines 958--959
[][][][][][][][][][][][][][][][][][][][][][][] 
 []


Overfull \hbox (27.85587pt too wide) in paragraph at lines 959--960
[][][][][][][][][][][][][][][][][][][][][][][][][][] 
 []


Overfull \hbox (6.25565pt too wide) in paragraph at lines 963--964
[][][][][][][][][][][][][][][][][][][][][][][][][][][][] 
 []

[41]
Overfull \hbox (20.65579pt too wide) in paragraph at lines 993--994
[][][][][][][][][][][][][][][][][][][][][][][][][][][][][][][] 
 []


Overfull \hbox (20.65579pt too wide) in paragraph at lines 1003--1004
[][][][][][][][][][][][][][][][][][][][][][][][][][][][] 
 []

[42]
Overfull \hbox (13.45572pt too wide) in paragraph at lines 1024--1025
[][][][][][][][][][][][][][][][][][][][][][][][][][] 
 []


Overfull \hbox (27.85587pt too wide) in paragraph at lines 1025--1026
[][][][][][][][][][][][][][][][][][][][][][][][][][][][] 
 []


Overfull \hbox (35.05594pt too wide) in paragraph at lines 1030--1031
[][][][][][][][][][][][][][][][][][][][][][][][][][] 
 []


Overfull \hbox (42.25601pt too wide) in paragraph at lines 1037--1038
[][][][][][][][][][][][][][][][][][][][][][][][][][][][] 
 []

[43]
Overfull \hbox (6.25565pt too wide) in paragraph at lines 1057--1058
[][][][][][][][][][][][][][][][][][][][][][][][] 
 []


Overfull \hbox (13.45572pt too wide) in paragraph at lines 1068--1069
[][][][][][][][][][][][][][][][][][][][][][][][][][][][][] 
 []


Overfull \hbox (56.65616pt too wide) in paragraph at lines 1089--1091
[][][][][][][][][][][][][][][][][][][][][][][][][][][][] 
 []

) [44] [45] (files/ImageLoader.py
Overfull \hbox (63.85623pt too wide) in paragraph at lines 5--6
[][][][][][][][][][][][][][][][][][][][][][][][][][][][][][][][][] 
 []


Overfull \hbox (42.25601pt too wide) in paragraph at lines 6--7
[][][][][][][][][][][][][][][][][][][][][][][][][][][][][][][][] 
 []


Overfull \hbox (63.85623pt too wide) in paragraph at lines 7--8
[][][][][][][][][][][][][][][][][][][][][][][][][][][][][][][] 
 []


Overfull \hbox (27.85587pt too wide) in paragraph at lines 17--18
[][][][][][][][][][][][][][][][][][][][][][][][][][][] 
 []


Overfull \hbox (42.25601pt too wide) in paragraph at lines 24--25
[][][][][][][][][][][][][][][][][][][][][][][][][][][] 
 []


Overfull \hbox (63.85623pt too wide) in paragraph at lines 32--33
[][][][][][][] 
 []

[46

]
Overfull \hbox (63.85623pt too wide) in paragraph at lines 52--53
[][][][][][][] 
 []


Overfull \hbox (63.85623pt too wide) in paragraph at lines 57--58
[][][][][][][][][] 
 []


Overfull \hbox (35.05594pt too wide) in paragraph at lines 66--67
[][][][][][][][][][][][][][][][][][][][][][][][][][][][][][][][][] 
 []


Overfull \hbox (35.05594pt too wide) in paragraph at lines 67--68
[][][][][][][][][][][][][][][][][][][][][][][][][][][][][][][] 
 []


Overfull \hbox (13.45572pt too wide) in paragraph at lines 81--82
[][][][][][][][][][][][][][][][][][][][][][][][][][][] 
 []

[47]
Overfull \hbox (27.85587pt too wide) in paragraph at lines 84--85
[][][][][][][][][][][][][][][][][][][][][][][][][][][][][] 
 []


Overfull \hbox (13.45572pt too wide) in paragraph at lines 96--97
[][][][][][][][][][][][][][][][][][][][][][][][][][][] 
 []


Overfull \hbox (6.25565pt too wide) in paragraph at lines 116--117
[][][][][][][][][][][][][][][][][][][][][][][][][] 
 []


Overfull \hbox (27.85587pt too wide) in paragraph at lines 122--123
[][][][][][][][][][][][][][][][][][][][][][][][][][][][][] 
 []

[48]
Overfull \hbox (92.65652pt too wide) in paragraph at lines 133--134
[][][][][][][][][][][][][][][][][][][][][][][][][] 
 []


Overfull \hbox (56.65616pt too wide) in paragraph at lines 142--143
[][][][][][][][][][][][][][][][][][][][][][][][][][][] 
 []


Overfull \hbox (71.0563pt too wide) in paragraph at lines 151--152
[][][][][][][][][][][][][][][][][][][][][][][][][][][] 
 []

[49]
Overfull \hbox (13.45572pt too wide) in paragraph at lines 169--170
[][][][][][][][][][][][][][][][][][][][][][][][][][][] 
 []


Overfull \hbox (35.05594pt too wide) in paragraph at lines 170--171
[][][][][][][][][][][][][][][][][][][][][][][][][][][][][][][][][] 
 []


Overfull \hbox (63.85623pt too wide) in paragraph at lines 173--174
[][][][][][][][][][][][][][][][][][][][][][][][][][][][][][][][][][] 
 []


Overfull \hbox (42.25601pt too wide) in paragraph at lines 187--189
[][][][][][][][][][][][][][][][][][][][][][][][] 
 []


Overfull \hbox (42.25601pt too wide) in paragraph at lines 195--196
[][][][][][][][][][][][][][][][][][][][][][][][][][][][][][][] 
 []

) [50] (files/Colours.py
Overfull \hbox (6.25565pt too wide) in paragraph at lines 5--6
[][][][][][][][][][][][][][][][][][][][][][][][][][][][] 
 []


Overfull \hbox (13.45572pt too wide) in paragraph at lines 8--9
[][][][][][][][][][][][][][][][][][][][][][][][][][][][][][][] 
 []

) [51

] (files/Errors.py
Overfull \hbox (42.25601pt too wide) in paragraph at lines 5--6
[][][][][][][][][][][][][][][][][][][][][][][][][][][][][][][][][][][] 
 []


Overfull \hbox (6.25565pt too wide) in paragraph at lines 16--17
[][][][][][][][][][][][][][][][][][][][][][][][][][][][][][][][][] 
 []

) [52

] ("19476700 Tawana Kwaraamba.aux") ) 
Here is how much of TeX's memory you used:
 9898 strings out of 480896
 141834 string characters out of 2898165
 603982 words of memory out of 3000000
 25564 multiletter control sequences out of 15000+200000
 562312 words of font info for 78 fonts, out of 3000000 for 9000
 1141 hyphenation exceptions out of 8191
 50i,19n,49p,1460b,1919s stack positions out of 5000i,500n,10000p,200000b,50000s
{C:/Users/tawan/AppData/Local/Programs/MiK
TeX 2.9/fonts/enc/dvips/base/8r.enc}<C:/Users/tawan/AppData/Local/Programs/MiKT
eX 2.9/fonts/type1/public/amsfonts/cm/cmr10.pfb><C:/Users/tawan/AppData/Local/P
rograms/MiKTeX 2.9/fonts/type1/urw/palatino/uplb8a.pfb><C:/Users/tawan/AppData/
Local/Programs/MiKTeX 2.9/fonts/type1/urw/palatino/uplr8a.pfb><C:/Users/tawan/A
ppData/Local/Programs/MiKTeX 2.9/fonts/type1/urw/palatino/uplri8a.pfb>
Output written on "19476700 Tawana Kwaraamba.pdf" (57 pages, 611040 bytes).
PDF statistics:
 263 PDF objects out of 1000 (max. 8388607)
 0 named destinations out of 1000 (max. 500000)
 76 words of extra memory for PDF output out of 10000 (max. 10000000)

